#
# A fatal error has been detected by the Java Runtime Environment:
#
#  EXCEPTION_ACCESS_VIOLATION (0xc0000005) at pc=0x000001fb79ef3950, pid=21976, tid=22228
#
# JRE version: Java(TM) SE Runtime Environment (13.0+33) (build 13+33)
# Java VM: Java HotSpot(TM) 64-Bit Server VM (13+33, mixed mode, sharing, tiered, compressed oops, g1 gc, windows-amd64)
# Problematic frame:
# C  0x000001fb79ef3950
#
# No core dump will be written. Minidumps are not enabled by default on client versions of Windows
#
# If you would like to submit a bug report, please visit:
#   http://bugreport.java.com/bugreport/crash.jsp
#

---------------  S U M M A R Y ------------

Command Line: -Dclassworlds.conf=C:\Program Files\NetBeans-11.1\netbeans\java\maven\bin\m2.conf -Dmaven.home=C:\Program Files\NetBeans-11.1\netbeans\java\maven -Dmaven.multiModuleProjectDirectory=C:\Users\Administrator\Projects\ArcanoProjects\arcano.tech\java org.codehaus.plexus.classworlds.launcher.Launcher -Dexec.args=-agentlib:jdwp=transport=dt_socket,server=n,address=56988 -classpath %classpath com.github.tncrazvan.arcanotech.Starter ./http.json -Dexec.executable=C:\Program Files\Java\jdk-13\bin\java.exe -Djpda.listen=true -Dexec.workingdir=C:\Users\Administrator\Projects\ArcanoProjects\arcano.tech -Dmaven.ext.class.path=C:\Program Files\NetBeans-11.1\netbeans\java\maven-nblib\netbeans-eventspy.jar;C:\Program Files\NetBeans-11.1\netbeans\java\maven-nblib\netbeans-cos.jar -Djpda.address=56988 -Dfile.encoding=UTF-8 org.codehaus.mojo:exec-maven-plugin:1.5.0:exec

Host: Intel(R) Core(TM) i9-9900X CPU @ 3.50GHz, 20 cores, 15G,  Windows 10 , 64 bit Build 18362 (10.0.18362.329)
Time: Sun Feb 16 21:40:46 2020 ora solare Europa occidentale elapsed time: 1 seconds (0d 0h 0m 1s)

---------------  T H R E A D  ---------------

Current thread (0x000001fb7977d000):  JavaThread "C2 CompilerThread4" daemon [_thread_in_native, id=22228, stack(0x00000020dd000000,0x00000020dd100000)]


Current CompileTask:
C2:   1541 2980       4       org.eclipse.sisu.plexus.RealmFilteredBeans$FilteredItr::hasNext (81 bytes)

Stack: [0x00000020dd000000,0x00000020dd100000],  sp=0x00000020dd0fba58,  free space=1006k
Native frames: (J=compiled Java code, j=interpreted, Vv=VM code, C=native code)
C  0x000001fb79ef3950


siginfo: EXCEPTION_ACCESS_VIOLATION (0xc0000005), data execution prevention violation at address 0x000001fb79ef3950


Register to memory mapping:

RIP=0x000001fb79ef3950 points into unknown readable memory: 58 9b bc 76 f9 7f 00 00
RAX=0x00000020dd0ff288 is pointing into the stack for thread: 0x000001fb7977d000
RBX=0xffffffffffffffff is an unknown value
RCX=0x000001fb79581cd8 points into unknown readable memory: 88 f2 0f dd 20 00 00 00
RDX=0x0 is NULL
RSP=0x00000020dd0fba58 is pointing into the stack for thread: 0x000001fb7977d000
RBP=0x0 is NULL
RSI=0x0000000000000001 is an unknown value
RDI=0x000001fb79581cd8 points into unknown readable memory: 88 f2 0f dd 20 00 00 00
R8 =0x000000000ffff800 is an unknown value
R9 =0x0 is NULL
R10=0x000001fb78a3bd90 points into unknown readable memory: df ff ff fb ef ff be ff
R11=0x000001fb00008850 points into unknown readable memory: 00 00 00 00 00 00 00 00
R12=0x000001fb788e7ff0 points into unknown readable memory: 00 b2 e5 79 fb 01 00 00
R13=0x000001fb793f69f0 points into unknown readable memory: 06 00 00 00 26 00 1b 01
R14=0x00000020dd0fbfb0 is pointing into the stack for thread: 0x000001fb7977d000
R15=0x00000020dd0fbb60 is pointing into the stack for thread: 0x000001fb7977d000


Registers:
RAX=0x00000020dd0ff288, RBX=0xffffffffffffffff, RCX=0x000001fb79581cd8, RDX=0x0000000000000000
RSP=0x00000020dd0fba58, RBP=0x0000000000000000, RSI=0x0000000000000001, RDI=0x000001fb79581cd8
R8 =0x000000000ffff800, R9 =0x0000000000000000, R10=0x000001fb78a3bd90, R11=0x000001fb00008850
R12=0x000001fb788e7ff0, R13=0x000001fb793f69f0, R14=0x00000020dd0fbfb0, R15=0x00000020dd0fbb60
RIP=0x000001fb79ef3950, EFLAGS=0x0000000000010206

Top of Stack: (sp=0x00000020dd0fba58)
0x00000020dd0fba58:   00007ff97669bc32 ffffffffffffffff
0x00000020dd0fba68:   0000000000000001 ffffffffffffffff
0x00000020dd0fba78:   0000000000000000 000039260000020f
0x00000020dd0fba88:   0000000000000000 0000000000000008
0x00000020dd0fba98:   000001fb79e5b210 000001fb796dbbc8
0x00000020dd0fbaa8:   0000000000000000 00000000000003a0
0x00000020dd0fbab8:   00007ff976699176 000001fb795930a8
0x00000020dd0fbac8:   00000020dd0fbfb0 00000020dd0fbbc0
0x00000020dd0fbad8:   000001fb793f69f0 000001fb50660000
0x00000020dd0fbae8:   00007ff9d8dc1eb3 000001fb50660000
0x00000020dd0fbaf8:   000001fb50660000 0000000000001002
0x00000020dd0fbb08:   0000000000000400 00000000000003ff
0x00000020dd0fbb18:   000000000000062e 000000003108063f
0x00000020dd0fbb28:   0000000000008020 00000000d1000101
0x00000020dd0fbb38:   00007ff9d8dbba00 0000000000001002
0x00000020dd0fbb48:   0000000000000002 0000000012001002 

Instructions: (pc=0x000001fb79ef3950)
0x000001fb79ef3850:   21 00 20 02 06 00 00 00 02 00 00 00 12 00 01 00
0x000001fb79ef3860:   00 00 00 00 00 00 00 00 00 00 00 00 00 00 00 00
0x000001fb79ef3870:   00 00 00 00 00 00 00 00 00 00 00 00 00 00 00 00
0x000001fb79ef3880:   ff ff ff ff fb 01 00 00 00 00 00 00 00 00 00 00
0x000001fb79ef3890:   58 9b bc 76 f9 7f 00 00 68 04 00 00 00 00 00 00
0x000001fb79ef38a0:   50 d1 a2 79 fb 01 00 00 00 00 00 00 00 00 00 00
0x000001fb79ef38b0:   90 38 ef 79 fb 01 00 00 00 00 00 00 00 00 00 00
0x000001fb79ef38c0:   60 81 bc 76 f9 7f 00 00 69 04 00 00 00 00 00 00
0x000001fb79ef38d0:   f8 f5 34 00 08 00 00 00 0c 00 00 00 fb 01 00 00
0x000001fb79ef38e0:   e0 b4 c4 77 fb 01 00 00 28 00 00 00 04 00 00 00
0x000001fb79ef38f0:   00 00 00 00 00 00 00 00 00 00 00 00 00 00 00 00
0x000001fb79ef3900:   04 00 00 00 00 00 00 00 00 00 00 00 01 00 00 00
0x000001fb79ef3910:   21 00 20 02 06 00 00 00 b0 51 d5 78 fb 01 00 00
0x000001fb79ef3920:   00 00 00 00 00 00 00 00 00 00 00 00 00 00 00 00
0x000001fb79ef3930:   00 00 00 00 00 00 00 00 00 00 00 00 00 00 00 00
0x000001fb79ef3940:   ff ff ff ff 00 00 00 00 00 00 00 00 00 00 00 00
0x000001fb79ef3950:   58 9b bc 76 f9 7f 00 00 6a 04 00 00 00 00 00 00
0x000001fb79ef3960:   58 d1 a2 79 fb 01 00 00 00 00 00 00 00 00 00 00
0x000001fb79ef3970:   50 39 ef 79 fb 01 00 00 00 00 00 00 00 00 00 00
0x000001fb79ef3980:   60 81 bc 76 f9 7f 00 00 6b 04 00 00 04 00 00 00
0x000001fb79ef3990:   e8 c8 cb 00 08 00 00 00 0c 00 00 00 12 00 01 00
0x000001fb79ef39a0:   10 3a ef 79 fb 01 00 00 20 00 00 00 00 00 00 00
0x000001fb79ef39b0:   60 d1 a2 79 fb 01 00 00 68 d1 a2 79 fb 01 00 00
0x000001fb79ef39c0:   04 00 00 00 00 00 00 00 01 00 00 00 01 01 00 00
0x000001fb79ef39d0:   30 00 20 10 04 00 00 00 00 00 00 00 00 00 00 00
0x000001fb79ef39e0:   50 28 c5 77 fb 01 00 00 00 00 00 00 00 00 00 00
0x000001fb79ef39f0:   e0 57 ef 79 fb 01 00 00 30 76 ef 79 fb 01 00 00
0x000001fb79ef3a00:   ff ff ff ff 00 00 00 00 00 00 00 00 00 00 00 00
0x000001fb79ef3a10:   f8 a0 bc 76 f9 7f 00 00 00 00 00 00 fb 01 00 00
0x000001fb79ef3a20:   00 54 6f 78 fb 01 00 00 00 00 00 00 04 00 00 00
0x000001fb79ef3a30:   90 85 bc 76 f9 7f 00 00 6c 04 00 00 12 00 01 00
0x000001fb79ef3a40:   40 b2 b9 7a fb 01 00 00 01 00 00 01 00 00 00 00 


Stack slot to memory mapping:
stack at sp + 0 slots: 0x00007ff97669bc32 jvm.dll
stack at sp + 1 slots: 0xffffffffffffffff is an unknown value
stack at sp + 2 slots: 0x0000000000000001 is an unknown value
stack at sp + 3 slots: 0xffffffffffffffff is an unknown value
stack at sp + 4 slots: 0x0 is NULL
stack at sp + 5 slots: 0x000039260000020f is an unknown value
stack at sp + 6 slots: 0x0 is NULL
stack at sp + 7 slots: 0x0000000000000008 is an unknown value


---------------  P R O C E S S  ---------------

Threads class SMR info:
_java_thread_list=0x000001fb7a836b60, length=20, elements={
0x000001fb529a8000, 0x000001fb77c19000, 0x000001fb77c1c000, 0x000001fb77c38800,
0x000001fb77c3a800, 0x000001fb77c41000, 0x000001fb77c47800, 0x000001fb77c5a000,
0x000001fb77d7d800, 0x000001fb77d82800, 0x000001fb77db5800, 0x000001fb77dc0800,
0x000001fb77f7e000, 0x000001fb784ce000, 0x000001fb7855e000, 0x000001fb78ec5800,
0x000001fb7977d000, 0x000001fb797eb800, 0x000001fb7a372000, 0x000001fb798ef000
}

Java Threads: ( => current thread )
  0x000001fb529a8000 JavaThread "main" [_thread_in_native, id=19960, stack(0x00000020db900000,0x00000020dba00000)]
  0x000001fb77c19000 JavaThread "Reference Handler" daemon [_thread_blocked, id=36344, stack(0x00000020dc000000,0x00000020dc100000)]
  0x000001fb77c1c000 JavaThread "Finalizer" daemon [_thread_blocked, id=30460, stack(0x00000020dc100000,0x00000020dc200000)]
  0x000001fb77c38800 JavaThread "Signal Dispatcher" daemon [_thread_blocked, id=26056, stack(0x00000020dc200000,0x00000020dc300000)]
  0x000001fb77c3a800 JavaThread "Attach Listener" daemon [_thread_blocked, id=25512, stack(0x00000020dc300000,0x00000020dc400000)]
  0x000001fb77c41000 JavaThread "C2 CompilerThread0" daemon [_thread_blocked, id=31880, stack(0x00000020dc400000,0x00000020dc500000)]
  0x000001fb77c47800 JavaThread "C1 CompilerThread0" daemon [_thread_blocked, id=3528, stack(0x00000020dc500000,0x00000020dc600000)]
  0x000001fb77c5a000 JavaThread "Sweeper thread" daemon [_thread_blocked, id=17692, stack(0x00000020dc600000,0x00000020dc700000)]
  0x000001fb77d7d800 JavaThread "C1 CompilerThread1" daemon [_thread_blocked, id=36920, stack(0x00000020dc700000,0x00000020dc800000)]
  0x000001fb77d82800 JavaThread "C1 CompilerThread2" daemon [_thread_blocked, id=9448, stack(0x00000020dc800000,0x00000020dc900000)]
  0x000001fb77db5800 JavaThread "Service Thread" daemon [_thread_blocked, id=48148, stack(0x00000020dc900000,0x00000020dca00000)]
  0x000001fb77dc0800 JavaThread "Common-Cleaner" daemon [_thread_blocked, id=30348, stack(0x00000020dcb00000,0x00000020dcc00000)]
  0x000001fb77f7e000 JavaThread "C1 CompilerThread3" daemon [_thread_blocked, id=2872, stack(0x00000020dcc00000,0x00000020dcd00000)]
  0x000001fb784ce000 JavaThread "C2 CompilerThread1" daemon [_thread_blocked, id=18352, stack(0x00000020dcd00000,0x00000020dce00000)]
  0x000001fb7855e000 JavaThread "C2 CompilerThread2" daemon [_thread_blocked, id=43692, stack(0x00000020dce00000,0x00000020dcf00000)]
  0x000001fb78ec5800 JavaThread "C2 CompilerThread3" daemon [_thread_blocked, id=15044, stack(0x00000020dcf00000,0x00000020dd000000)]
=>0x000001fb7977d000 JavaThread "C2 CompilerThread4" daemon [_thread_in_native, id=22228, stack(0x00000020dd000000,0x00000020dd100000)]
  0x000001fb797eb800 JavaThread "Exec Stream Pumper" daemon [_thread_in_native, id=17852, stack(0x00000020dd100000,0x00000020dd200000)]
  0x000001fb7a372000 JavaThread "Exec Stream Pumper" daemon [_thread_in_native, id=15688, stack(0x00000020dd700000,0x00000020dd800000)]
  0x000001fb798ef000 JavaThread "Exec Input Stream Pumper" daemon [_thread_blocked, id=10540, stack(0x00000020dd800000,0x00000020dd900000)]

Other Threads:
  0x000001fb77c18000 VMThread "VM Thread" [stack: 0x00000020dbf00000,0x00000020dc000000] [id=44800]
  0x000001fb77dbb800 WatcherThread [stack: 0x00000020dca00000,0x00000020dcb00000] [id=11404]
  0x000001fb52a13800 GCTaskThread "GC Thread#0" [stack: 0x00000020dba00000,0x00000020dbb00000] [id=15900]
  0x000001fb79067000 GCTaskThread "GC Thread#1" [stack: 0x00000020dd200000,0x00000020dd300000] [id=39524]
  0x000001fb79896000 GCTaskThread "GC Thread#2" [stack: 0x00000020dd300000,0x00000020dd400000] [id=13056]
  0x000001fb79896800 GCTaskThread "GC Thread#3" [stack: 0x00000020dd400000,0x00000020dd500000] [id=36108]
  0x000001fb79892800 GCTaskThread "GC Thread#4" [stack: 0x00000020dd500000,0x00000020dd600000] [id=6596]
  0x000001fb79895000 GCTaskThread "GC Thread#5" [stack: 0x00000020dd600000,0x00000020dd700000] [id=4184]
  0x000001fb52a34800 ConcurrentGCThread "G1 Main Marker" [stack: 0x00000020dbb00000,0x00000020dbc00000] [id=20092]
  0x000001fb52a36000 ConcurrentGCThread "G1 Conc#0" [stack: 0x00000020dbc00000,0x00000020dbd00000] [id=2896]
  0x000001fb765ce800 ConcurrentGCThread "G1 Refine#0" [stack: 0x00000020dbd00000,0x00000020dbe00000] [id=43764]
  0x000001fb765d0000 ConcurrentGCThread "G1 Young RemSet Sampling" [stack: 0x00000020dbe00000,0x00000020dbf00000] [id=22844]

Threads with active compile tasks:
C2 CompilerThread4     1606 2980       4       org.eclipse.sisu.plexus.RealmFilteredBeans$FilteredItr::hasNext (81 bytes)

VM state:not at safepoint (normal execution)

VM Mutex/Monitor currently owned by a thread: None

Heap address: 0x0000000705000000, size: 4016 MB, Compressed Oops mode: Zero based, Oop shift amount: 3
Narrow klass base: 0x0000000800000000, Narrow klass shift: 3
Compressed class space size: 1073741824 Address: 0x0000000800b40000

Heap:
 garbage-first heap   total 258048K, used 81174K [0x0000000705000000, 0x0000000800000000)
  region size 1024K, 80 young (81920K), 3 survivors (3072K)
 Metaspace       used 13791K, capacity 15253K, committed 15488K, reserved 1062912K
  class space    used 1604K, capacity 1840K, committed 1920K, reserved 1048576K
Heap Regions: E=young(eden), S=young(survivor), O=old, HS=humongous(starts), HC=humongous(continues), CS=collection set, F=free, A=archive, TAMS=top-at-mark-start (previous, next)
|   0|0x0000000705000000, 0x0000000705045a00, 0x0000000705100000| 27%| O|  |TAMS 0x0000000705000000, 0x0000000705000000| Untracked 
|   1|0x0000000705100000, 0x0000000705100000, 0x0000000705200000|  0%| F|  |TAMS 0x0000000705100000, 0x0000000705100000| Untracked 
|   2|0x0000000705200000, 0x0000000705200000, 0x0000000705300000|  0%| F|  |TAMS 0x0000000705200000, 0x0000000705200000| Untracked 
|   3|0x0000000705300000, 0x0000000705300000, 0x0000000705400000|  0%| F|  |TAMS 0x0000000705300000, 0x0000000705300000| Untracked 
|   4|0x0000000705400000, 0x0000000705400000, 0x0000000705500000|  0%| F|  |TAMS 0x0000000705400000, 0x0000000705400000| Untracked 
|   5|0x0000000705500000, 0x0000000705500000, 0x0000000705600000|  0%| F|  |TAMS 0x0000000705500000, 0x0000000705500000| Untracked 
|   6|0x0000000705600000, 0x0000000705600000, 0x0000000705700000|  0%| F|  |TAMS 0x0000000705600000, 0x0000000705600000| Untracked 
|   7|0x0000000705700000, 0x0000000705700000, 0x0000000705800000|  0%| F|  |TAMS 0x0000000705700000, 0x0000000705700000| Untracked 
|   8|0x0000000705800000, 0x0000000705800000, 0x0000000705900000|  0%| F|  |TAMS 0x0000000705800000, 0x0000000705800000| Untracked 
|   9|0x0000000705900000, 0x0000000705900000, 0x0000000705a00000|  0%| F|  |TAMS 0x0000000705900000, 0x0000000705900000| Untracked 
|  10|0x0000000705a00000, 0x0000000705a00000, 0x0000000705b00000|  0%| F|  |TAMS 0x0000000705a00000, 0x0000000705a00000| Untracked 
|  11|0x0000000705b00000, 0x0000000705b00000, 0x0000000705c00000|  0%| F|  |TAMS 0x0000000705b00000, 0x0000000705b00000| Untracked 
|  12|0x0000000705c00000, 0x0000000705c00000, 0x0000000705d00000|  0%| F|  |TAMS 0x0000000705c00000, 0x0000000705c00000| Untracked 
|  13|0x0000000705d00000, 0x0000000705d00000, 0x0000000705e00000|  0%| F|  |TAMS 0x0000000705d00000, 0x0000000705d00000| Untracked 
|  14|0x0000000705e00000, 0x0000000705e00000, 0x0000000705f00000|  0%| F|  |TAMS 0x0000000705e00000, 0x0000000705e00000| Untracked 
|  15|0x0000000705f00000, 0x0000000705f00000, 0x0000000706000000|  0%| F|  |TAMS 0x0000000705f00000, 0x0000000705f00000| Untracked 
|  16|0x0000000706000000, 0x0000000706000000, 0x0000000706100000|  0%| F|  |TAMS 0x0000000706000000, 0x0000000706000000| Untracked 
|  17|0x0000000706100000, 0x0000000706100000, 0x0000000706200000|  0%| F|  |TAMS 0x0000000706100000, 0x0000000706100000| Untracked 
|  18|0x0000000706200000, 0x0000000706200000, 0x0000000706300000|  0%| F|  |TAMS 0x0000000706200000, 0x0000000706200000| Untracked 
|  19|0x0000000706300000, 0x0000000706300000, 0x0000000706400000|  0%| F|  |TAMS 0x0000000706300000, 0x0000000706300000| Untracked 
|  20|0x0000000706400000, 0x0000000706400000, 0x0000000706500000|  0%| F|  |TAMS 0x0000000706400000, 0x0000000706400000| Untracked 
|  21|0x0000000706500000, 0x0000000706500000, 0x0000000706600000|  0%| F|  |TAMS 0x0000000706500000, 0x0000000706500000| Untracked 
|  22|0x0000000706600000, 0x0000000706600000, 0x0000000706700000|  0%| F|  |TAMS 0x0000000706600000, 0x0000000706600000| Untracked 
|  23|0x0000000706700000, 0x0000000706700000, 0x0000000706800000|  0%| F|  |TAMS 0x0000000706700000, 0x0000000706700000| Untracked 
|  24|0x0000000706800000, 0x0000000706800000, 0x0000000706900000|  0%| F|  |TAMS 0x0000000706800000, 0x0000000706800000| Untracked 
|  25|0x0000000706900000, 0x0000000706900000, 0x0000000706a00000|  0%| F|  |TAMS 0x0000000706900000, 0x0000000706900000| Untracked 
|  26|0x0000000706a00000, 0x0000000706a00000, 0x0000000706b00000|  0%| F|  |TAMS 0x0000000706a00000, 0x0000000706a00000| Untracked 
|  27|0x0000000706b00000, 0x0000000706b00000, 0x0000000706c00000|  0%| F|  |TAMS 0x0000000706b00000, 0x0000000706b00000| Untracked 
|  28|0x0000000706c00000, 0x0000000706c00000, 0x0000000706d00000|  0%| F|  |TAMS 0x0000000706c00000, 0x0000000706c00000| Untracked 
|  29|0x0000000706d00000, 0x0000000706d00000, 0x0000000706e00000|  0%| F|  |TAMS 0x0000000706d00000, 0x0000000706d00000| Untracked 
|  30|0x0000000706e00000, 0x0000000706e00000, 0x0000000706f00000|  0%| F|  |TAMS 0x0000000706e00000, 0x0000000706e00000| Untracked 
|  31|0x0000000706f00000, 0x0000000706f00000, 0x0000000707000000|  0%| F|  |TAMS 0x0000000706f00000, 0x0000000706f00000| Untracked 
|  32|0x0000000707000000, 0x0000000707000000, 0x0000000707100000|  0%| F|  |TAMS 0x0000000707000000, 0x0000000707000000| Untracked 
|  33|0x0000000707100000, 0x0000000707100000, 0x0000000707200000|  0%| F|  |TAMS 0x0000000707100000, 0x0000000707100000| Untracked 
|  34|0x0000000707200000, 0x0000000707200000, 0x0000000707300000|  0%| F|  |TAMS 0x0000000707200000, 0x0000000707200000| Untracked 
|  35|0x0000000707300000, 0x0000000707300000, 0x0000000707400000|  0%| F|  |TAMS 0x0000000707300000, 0x0000000707300000| Untracked 
|  36|0x0000000707400000, 0x0000000707400000, 0x0000000707500000|  0%| F|  |TAMS 0x0000000707400000, 0x0000000707400000| Untracked 
|  37|0x0000000707500000, 0x0000000707500000, 0x0000000707600000|  0%| F|  |TAMS 0x0000000707500000, 0x0000000707500000| Untracked 
|  38|0x0000000707600000, 0x0000000707600000, 0x0000000707700000|  0%| F|  |TAMS 0x0000000707600000, 0x0000000707600000| Untracked 
|  39|0x0000000707700000, 0x0000000707700000, 0x0000000707800000|  0%| F|  |TAMS 0x0000000707700000, 0x0000000707700000| Untracked 
|  40|0x0000000707800000, 0x0000000707800000, 0x0000000707900000|  0%| F|  |TAMS 0x0000000707800000, 0x0000000707800000| Untracked 
|  41|0x0000000707900000, 0x0000000707900000, 0x0000000707a00000|  0%| F|  |TAMS 0x0000000707900000, 0x0000000707900000| Untracked 
|  42|0x0000000707a00000, 0x0000000707a00000, 0x0000000707b00000|  0%| F|  |TAMS 0x0000000707a00000, 0x0000000707a00000| Untracked 
|  43|0x0000000707b00000, 0x0000000707b00000, 0x0000000707c00000|  0%| F|  |TAMS 0x0000000707b00000, 0x0000000707b00000| Untracked 
|  44|0x0000000707c00000, 0x0000000707c00000, 0x0000000707d00000|  0%| F|  |TAMS 0x0000000707c00000, 0x0000000707c00000| Untracked 
|  45|0x0000000707d00000, 0x0000000707d00000, 0x0000000707e00000|  0%| F|  |TAMS 0x0000000707d00000, 0x0000000707d00000| Untracked 
|  46|0x0000000707e00000, 0x0000000707e00000, 0x0000000707f00000|  0%| F|  |TAMS 0x0000000707e00000, 0x0000000707e00000| Untracked 
|  47|0x0000000707f00000, 0x0000000707f00000, 0x0000000708000000|  0%| F|  |TAMS 0x0000000707f00000, 0x0000000707f00000| Untracked 
|  48|0x0000000708000000, 0x0000000708000000, 0x0000000708100000|  0%| F|  |TAMS 0x0000000708000000, 0x0000000708000000| Untracked 
|  49|0x0000000708100000, 0x0000000708100000, 0x0000000708200000|  0%| F|  |TAMS 0x0000000708100000, 0x0000000708100000| Untracked 
|  50|0x0000000708200000, 0x0000000708200000, 0x0000000708300000|  0%| F|  |TAMS 0x0000000708200000, 0x0000000708200000| Untracked 
|  51|0x0000000708300000, 0x0000000708300000, 0x0000000708400000|  0%| F|  |TAMS 0x0000000708300000, 0x0000000708300000| Untracked 
|  52|0x0000000708400000, 0x0000000708400000, 0x0000000708500000|  0%| F|  |TAMS 0x0000000708400000, 0x0000000708400000| Untracked 
|  53|0x0000000708500000, 0x0000000708500000, 0x0000000708600000|  0%| F|  |TAMS 0x0000000708500000, 0x0000000708500000| Untracked 
|  54|0x0000000708600000, 0x0000000708600000, 0x0000000708700000|  0%| F|  |TAMS 0x0000000708600000, 0x0000000708600000| Untracked 
|  55|0x0000000708700000, 0x0000000708700000, 0x0000000708800000|  0%| F|  |TAMS 0x0000000708700000, 0x0000000708700000| Untracked 
|  56|0x0000000708800000, 0x0000000708800000, 0x0000000708900000|  0%| F|  |TAMS 0x0000000708800000, 0x0000000708800000| Untracked 
|  57|0x0000000708900000, 0x0000000708900000, 0x0000000708a00000|  0%| F|  |TAMS 0x0000000708900000, 0x0000000708900000| Untracked 
|  58|0x0000000708a00000, 0x0000000708a00000, 0x0000000708b00000|  0%| F|  |TAMS 0x0000000708a00000, 0x0000000708a00000| Untracked 
|  59|0x0000000708b00000, 0x0000000708b00000, 0x0000000708c00000|  0%| F|  |TAMS 0x0000000708b00000, 0x0000000708b00000| Untracked 
|  60|0x0000000708c00000, 0x0000000708c00000, 0x0000000708d00000|  0%| F|  |TAMS 0x0000000708c00000, 0x0000000708c00000| Untracked 
|  61|0x0000000708d00000, 0x0000000708d00000, 0x0000000708e00000|  0%| F|  |TAMS 0x0000000708d00000, 0x0000000708d00000| Untracked 
|  62|0x0000000708e00000, 0x0000000708e00000, 0x0000000708f00000|  0%| F|  |TAMS 0x0000000708e00000, 0x0000000708e00000| Untracked 
|  63|0x0000000708f00000, 0x0000000708f00000, 0x0000000709000000|  0%| F|  |TAMS 0x0000000708f00000, 0x0000000708f00000| Untracked 
|  64|0x0000000709000000, 0x0000000709000000, 0x0000000709100000|  0%| F|  |TAMS 0x0000000709000000, 0x0000000709000000| Untracked 
|  65|0x0000000709100000, 0x0000000709100000, 0x0000000709200000|  0%| F|  |TAMS 0x0000000709100000, 0x0000000709100000| Untracked 
|  66|0x0000000709200000, 0x0000000709200000, 0x0000000709300000|  0%| F|  |TAMS 0x0000000709200000, 0x0000000709200000| Untracked 
|  67|0x0000000709300000, 0x0000000709300000, 0x0000000709400000|  0%| F|  |TAMS 0x0000000709300000, 0x0000000709300000| Untracked 
|  68|0x0000000709400000, 0x0000000709400000, 0x0000000709500000|  0%| F|  |TAMS 0x0000000709400000, 0x0000000709400000| Untracked 
|  69|0x0000000709500000, 0x0000000709500000, 0x0000000709600000|  0%| F|  |TAMS 0x0000000709500000, 0x0000000709500000| Untracked 
|  70|0x0000000709600000, 0x0000000709600000, 0x0000000709700000|  0%| F|  |TAMS 0x0000000709600000, 0x0000000709600000| Untracked 
|  71|0x0000000709700000, 0x0000000709700000, 0x0000000709800000|  0%| F|  |TAMS 0x0000000709700000, 0x0000000709700000| Untracked 
|  72|0x0000000709800000, 0x0000000709800000, 0x0000000709900000|  0%| F|  |TAMS 0x0000000709800000, 0x0000000709800000| Untracked 
|  73|0x0000000709900000, 0x0000000709900000, 0x0000000709a00000|  0%| F|  |TAMS 0x0000000709900000, 0x0000000709900000| Untracked 
|  74|0x0000000709a00000, 0x0000000709a00000, 0x0000000709b00000|  0%| F|  |TAMS 0x0000000709a00000, 0x0000000709a00000| Untracked 
|  75|0x0000000709b00000, 0x0000000709b00000, 0x0000000709c00000|  0%| F|  |TAMS 0x0000000709b00000, 0x0000000709b00000| Untracked 
|  76|0x0000000709c00000, 0x0000000709c00000, 0x0000000709d00000|  0%| F|  |TAMS 0x0000000709c00000, 0x0000000709c00000| Untracked 
|  77|0x0000000709d00000, 0x0000000709d00000, 0x0000000709e00000|  0%| F|  |TAMS 0x0000000709d00000, 0x0000000709d00000| Untracked 
|  78|0x0000000709e00000, 0x0000000709e00000, 0x0000000709f00000|  0%| F|  |TAMS 0x0000000709e00000, 0x0000000709e00000| Untracked 
|  79|0x0000000709f00000, 0x0000000709f00000, 0x000000070a000000|  0%| F|  |TAMS 0x0000000709f00000, 0x0000000709f00000| Untracked 
|  80|0x000000070a000000, 0x000000070a000000, 0x000000070a100000|  0%| F|  |TAMS 0x000000070a000000, 0x000000070a000000| Untracked 
|  81|0x000000070a100000, 0x000000070a100000, 0x000000070a200000|  0%| F|  |TAMS 0x000000070a100000, 0x000000070a100000| Untracked 
|  82|0x000000070a200000, 0x000000070a200000, 0x000000070a300000|  0%| F|  |TAMS 0x000000070a200000, 0x000000070a200000| Untracked 
|  83|0x000000070a300000, 0x000000070a300000, 0x000000070a400000|  0%| F|  |TAMS 0x000000070a300000, 0x000000070a300000| Untracked 
|  84|0x000000070a400000, 0x000000070a400000, 0x000000070a500000|  0%| F|  |TAMS 0x000000070a400000, 0x000000070a400000| Untracked 
|  85|0x000000070a500000, 0x000000070a500000, 0x000000070a600000|  0%| F|  |TAMS 0x000000070a500000, 0x000000070a500000| Untracked 
|  86|0x000000070a600000, 0x000000070a600000, 0x000000070a700000|  0%| F|  |TAMS 0x000000070a600000, 0x000000070a600000| Untracked 
|  87|0x000000070a700000, 0x000000070a700000, 0x000000070a800000|  0%| F|  |TAMS 0x000000070a700000, 0x000000070a700000| Untracked 
|  88|0x000000070a800000, 0x000000070a800000, 0x000000070a900000|  0%| F|  |TAMS 0x000000070a800000, 0x000000070a800000| Untracked 
|  89|0x000000070a900000, 0x000000070a900000, 0x000000070aa00000|  0%| F|  |TAMS 0x000000070a900000, 0x000000070a900000| Untracked 
|  90|0x000000070aa00000, 0x000000070aa00000, 0x000000070ab00000|  0%| F|  |TAMS 0x000000070aa00000, 0x000000070aa00000| Untracked 
|  91|0x000000070ab00000, 0x000000070ab00000, 0x000000070ac00000|  0%| F|  |TAMS 0x000000070ab00000, 0x000000070ab00000| Untracked 
|  92|0x000000070ac00000, 0x000000070ac00000, 0x000000070ad00000|  0%| F|  |TAMS 0x000000070ac00000, 0x000000070ac00000| Untracked 
|  93|0x000000070ad00000, 0x000000070ad00000, 0x000000070ae00000|  0%| F|  |TAMS 0x000000070ad00000, 0x000000070ad00000| Untracked 
|  94|0x000000070ae00000, 0x000000070ae00000, 0x000000070af00000|  0%| F|  |TAMS 0x000000070ae00000, 0x000000070ae00000| Untracked 
|  95|0x000000070af00000, 0x000000070af00000, 0x000000070b000000|  0%| F|  |TAMS 0x000000070af00000, 0x000000070af00000| Untracked 
|  96|0x000000070b000000, 0x000000070b000000, 0x000000070b100000|  0%| F|  |TAMS 0x000000070b000000, 0x000000070b000000| Untracked 
|  97|0x000000070b100000, 0x000000070b100000, 0x000000070b200000|  0%| F|  |TAMS 0x000000070b100000, 0x000000070b100000| Untracked 
|  98|0x000000070b200000, 0x000000070b200000, 0x000000070b300000|  0%| F|  |TAMS 0x000000070b200000, 0x000000070b200000| Untracked 
|  99|0x000000070b300000, 0x000000070b300000, 0x000000070b400000|  0%| F|  |TAMS 0x000000070b300000, 0x000000070b300000| Untracked 
| 100|0x000000070b400000, 0x000000070b400000, 0x000000070b500000|  0%| F|  |TAMS 0x000000070b400000, 0x000000070b400000| Untracked 
| 101|0x000000070b500000, 0x000000070b500000, 0x000000070b600000|  0%| F|  |TAMS 0x000000070b500000, 0x000000070b500000| Untracked 
| 102|0x000000070b600000, 0x000000070b600000, 0x000000070b700000|  0%| F|  |TAMS 0x000000070b600000, 0x000000070b600000| Untracked 
| 103|0x000000070b700000, 0x000000070b700000, 0x000000070b800000|  0%| F|  |TAMS 0x000000070b700000, 0x000000070b700000| Untracked 
| 104|0x000000070b800000, 0x000000070b800000, 0x000000070b900000|  0%| F|  |TAMS 0x000000070b800000, 0x000000070b800000| Untracked 
| 105|0x000000070b900000, 0x000000070b900000, 0x000000070ba00000|  0%| F|  |TAMS 0x000000070b900000, 0x000000070b900000| Untracked 
| 106|0x000000070ba00000, 0x000000070ba00000, 0x000000070bb00000|  0%| F|  |TAMS 0x000000070ba00000, 0x000000070ba00000| Untracked 
| 107|0x000000070bb00000, 0x000000070bb00000, 0x000000070bc00000|  0%| F|  |TAMS 0x000000070bb00000, 0x000000070bb00000| Untracked 
| 108|0x000000070bc00000, 0x000000070bc00000, 0x000000070bd00000|  0%| F|  |TAMS 0x000000070bc00000, 0x000000070bc00000| Untracked 
| 109|0x000000070bd00000, 0x000000070bd00000, 0x000000070be00000|  0%| F|  |TAMS 0x000000070bd00000, 0x000000070bd00000| Untracked 
| 110|0x000000070be00000, 0x000000070be00000, 0x000000070bf00000|  0%| F|  |TAMS 0x000000070be00000, 0x000000070be00000| Untracked 
| 111|0x000000070bf00000, 0x000000070bf00000, 0x000000070c000000|  0%| F|  |TAMS 0x000000070bf00000, 0x000000070bf00000| Untracked 
| 112|0x000000070c000000, 0x000000070c000000, 0x000000070c100000|  0%| F|  |TAMS 0x000000070c000000, 0x000000070c000000| Untracked 
| 113|0x000000070c100000, 0x000000070c100000, 0x000000070c200000|  0%| F|  |TAMS 0x000000070c100000, 0x000000070c100000| Untracked 
| 114|0x000000070c200000, 0x000000070c200000, 0x000000070c300000|  0%| F|  |TAMS 0x000000070c200000, 0x000000070c200000| Untracked 
| 115|0x000000070c300000, 0x000000070c300000, 0x000000070c400000|  0%| F|  |TAMS 0x000000070c300000, 0x000000070c300000| Untracked 
| 116|0x000000070c400000, 0x000000070c400000, 0x000000070c500000|  0%| F|  |TAMS 0x000000070c400000, 0x000000070c400000| Untracked 
| 117|0x000000070c500000, 0x000000070c500000, 0x000000070c600000|  0%| F|  |TAMS 0x000000070c500000, 0x000000070c500000| Untracked 
| 118|0x000000070c600000, 0x000000070c600000, 0x000000070c700000|  0%| F|  |TAMS 0x000000070c600000, 0x000000070c600000| Untracked 
| 119|0x000000070c700000, 0x000000070c700000, 0x000000070c800000|  0%| F|  |TAMS 0x000000070c700000, 0x000000070c700000| Untracked 
| 120|0x000000070c800000, 0x000000070c800000, 0x000000070c900000|  0%| F|  |TAMS 0x000000070c800000, 0x000000070c800000| Untracked 
| 121|0x000000070c900000, 0x000000070c900000, 0x000000070ca00000|  0%| F|  |TAMS 0x000000070c900000, 0x000000070c900000| Untracked 
| 122|0x000000070ca00000, 0x000000070ca00000, 0x000000070cb00000|  0%| F|  |TAMS 0x000000070ca00000, 0x000000070ca00000| Untracked 
| 123|0x000000070cb00000, 0x000000070cb00000, 0x000000070cc00000|  0%| F|  |TAMS 0x000000070cb00000, 0x000000070cb00000| Untracked 
| 124|0x000000070cc00000, 0x000000070cc00000, 0x000000070cd00000|  0%| F|  |TAMS 0x000000070cc00000, 0x000000070cc00000| Untracked 
| 125|0x000000070cd00000, 0x000000070cd00000, 0x000000070ce00000|  0%| F|  |TAMS 0x000000070cd00000, 0x000000070cd00000| Untracked 
| 126|0x000000070ce00000, 0x000000070ce00000, 0x000000070cf00000|  0%| F|  |TAMS 0x000000070ce00000, 0x000000070ce00000| Untracked 
| 127|0x000000070cf00000, 0x000000070cf00000, 0x000000070d000000|  0%| F|  |TAMS 0x000000070cf00000, 0x000000070cf00000| Untracked 
| 128|0x000000070d000000, 0x000000070d000000, 0x000000070d100000|  0%| F|  |TAMS 0x000000070d000000, 0x000000070d000000| Untracked 
| 129|0x000000070d100000, 0x000000070d100000, 0x000000070d200000|  0%| F|  |TAMS 0x000000070d100000, 0x000000070d100000| Untracked 
| 130|0x000000070d200000, 0x000000070d200000, 0x000000070d300000|  0%| F|  |TAMS 0x000000070d200000, 0x000000070d200000| Untracked 
| 131|0x000000070d300000, 0x000000070d300000, 0x000000070d400000|  0%| F|  |TAMS 0x000000070d300000, 0x000000070d300000| Untracked 
| 132|0x000000070d400000, 0x000000070d400000, 0x000000070d500000|  0%| F|  |TAMS 0x000000070d400000, 0x000000070d400000| Untracked 
| 133|0x000000070d500000, 0x000000070d500000, 0x000000070d600000|  0%| F|  |TAMS 0x000000070d500000, 0x000000070d500000| Untracked 
| 134|0x000000070d600000, 0x000000070d600000, 0x000000070d700000|  0%| F|  |TAMS 0x000000070d600000, 0x000000070d600000| Untracked 
| 135|0x000000070d700000, 0x000000070d700000, 0x000000070d800000|  0%| F|  |TAMS 0x000000070d700000, 0x000000070d700000| Untracked 
| 136|0x000000070d800000, 0x000000070d800000, 0x000000070d900000|  0%| F|  |TAMS 0x000000070d800000, 0x000000070d800000| Untracked 
| 137|0x000000070d900000, 0x000000070d900000, 0x000000070da00000|  0%| F|  |TAMS 0x000000070d900000, 0x000000070d900000| Untracked 
| 138|0x000000070da00000, 0x000000070da00000, 0x000000070db00000|  0%| F|  |TAMS 0x000000070da00000, 0x000000070da00000| Untracked 
| 139|0x000000070db00000, 0x000000070db00000, 0x000000070dc00000|  0%| F|  |TAMS 0x000000070db00000, 0x000000070db00000| Untracked 
| 140|0x000000070dc00000, 0x000000070dc00000, 0x000000070dd00000|  0%| F|  |TAMS 0x000000070dc00000, 0x000000070dc00000| Untracked 
| 141|0x000000070dd00000, 0x000000070dd00000, 0x000000070de00000|  0%| F|  |TAMS 0x000000070dd00000, 0x000000070dd00000| Untracked 
| 142|0x000000070de00000, 0x000000070de00000, 0x000000070df00000|  0%| F|  |TAMS 0x000000070de00000, 0x000000070de00000| Untracked 
| 143|0x000000070df00000, 0x000000070df00000, 0x000000070e000000|  0%| F|  |TAMS 0x000000070df00000, 0x000000070df00000| Untracked 
| 144|0x000000070e000000, 0x000000070e000000, 0x000000070e100000|  0%| F|  |TAMS 0x000000070e000000, 0x000000070e000000| Untracked 
| 145|0x000000070e100000, 0x000000070e100000, 0x000000070e200000|  0%| F|  |TAMS 0x000000070e100000, 0x000000070e100000| Untracked 
| 146|0x000000070e200000, 0x000000070e200000, 0x000000070e300000|  0%| F|  |TAMS 0x000000070e200000, 0x000000070e200000| Untracked 
| 147|0x000000070e300000, 0x000000070e300000, 0x000000070e400000|  0%| F|  |TAMS 0x000000070e300000, 0x000000070e300000| Untracked 
| 148|0x000000070e400000, 0x000000070e400000, 0x000000070e500000|  0%| F|  |TAMS 0x000000070e400000, 0x000000070e400000| Untracked 
| 149|0x000000070e500000, 0x000000070e500000, 0x000000070e600000|  0%| F|  |TAMS 0x000000070e500000, 0x000000070e500000| Untracked 
| 150|0x000000070e600000, 0x000000070e600000, 0x000000070e700000|  0%| F|  |TAMS 0x000000070e600000, 0x000000070e600000| Untracked 
| 151|0x000000070e700000, 0x000000070e700000, 0x000000070e800000|  0%| F|  |TAMS 0x000000070e700000, 0x000000070e700000| Untracked 
| 152|0x000000070e800000, 0x000000070e800000, 0x000000070e900000|  0%| F|  |TAMS 0x000000070e800000, 0x000000070e800000| Untracked 
| 153|0x000000070e900000, 0x000000070e900000, 0x000000070ea00000|  0%| F|  |TAMS 0x000000070e900000, 0x000000070e900000| Untracked 
| 154|0x000000070ea00000, 0x000000070ea00000, 0x000000070eb00000|  0%| F|  |TAMS 0x000000070ea00000, 0x000000070ea00000| Untracked 
| 155|0x000000070eb00000, 0x000000070eb00000, 0x000000070ec00000|  0%| F|  |TAMS 0x000000070eb00000, 0x000000070eb00000| Untracked 
| 156|0x000000070ec00000, 0x000000070ec00000, 0x000000070ed00000|  0%| F|  |TAMS 0x000000070ec00000, 0x000000070ec00000| Untracked 
| 157|0x000000070ed00000, 0x000000070ed00000, 0x000000070ee00000|  0%| F|  |TAMS 0x000000070ed00000, 0x000000070ed00000| Untracked 
| 158|0x000000070ee00000, 0x000000070ee00000, 0x000000070ef00000|  0%| F|  |TAMS 0x000000070ee00000, 0x000000070ee00000| Untracked 
| 159|0x000000070ef00000, 0x000000070ef00000, 0x000000070f000000|  0%| F|  |TAMS 0x000000070ef00000, 0x000000070ef00000| Untracked 
| 160|0x000000070f000000, 0x000000070f000000, 0x000000070f100000|  0%| F|  |TAMS 0x000000070f000000, 0x000000070f000000| Untracked 
| 161|0x000000070f100000, 0x000000070f100000, 0x000000070f200000|  0%| F|  |TAMS 0x000000070f100000, 0x000000070f100000| Untracked 
| 162|0x000000070f200000, 0x000000070f200000, 0x000000070f300000|  0%| F|  |TAMS 0x000000070f200000, 0x000000070f200000| Untracked 
| 163|0x000000070f300000, 0x000000070f300000, 0x000000070f400000|  0%| F|  |TAMS 0x000000070f300000, 0x000000070f300000| Untracked 
| 164|0x000000070f400000, 0x000000070f400000, 0x000000070f500000|  0%| F|  |TAMS 0x000000070f400000, 0x000000070f400000| Untracked 
| 165|0x000000070f500000, 0x000000070f500000, 0x000000070f600000|  0%| F|  |TAMS 0x000000070f500000, 0x000000070f500000| Untracked 
| 166|0x000000070f600000, 0x000000070f600000, 0x000000070f700000|  0%| F|  |TAMS 0x000000070f600000, 0x000000070f600000| Untracked 
| 167|0x000000070f700000, 0x000000070f700000, 0x000000070f800000|  0%| F|  |TAMS 0x000000070f700000, 0x000000070f700000| Untracked 
| 168|0x000000070f800000, 0x000000070f800000, 0x000000070f900000|  0%| F|  |TAMS 0x000000070f800000, 0x000000070f800000| Untracked 
| 169|0x000000070f900000, 0x000000070f900000, 0x000000070fa00000|  0%| F|  |TAMS 0x000000070f900000, 0x000000070f900000| Untracked 
| 170|0x000000070fa00000, 0x000000070fa00000, 0x000000070fb00000|  0%| F|  |TAMS 0x000000070fa00000, 0x000000070fa00000| Untracked 
| 171|0x000000070fb00000, 0x000000070fb00000, 0x000000070fc00000|  0%| F|  |TAMS 0x000000070fb00000, 0x000000070fb00000| Untracked 
| 172|0x000000070fc00000, 0x000000070fc80800, 0x000000070fd00000| 50%| E|  |TAMS 0x000000070fc00000, 0x000000070fc00000| Complete 
| 173|0x000000070fd00000, 0x000000070fe00000, 0x000000070fe00000|100%| E|CS|TAMS 0x000000070fd00000, 0x000000070fd00000| Complete 
| 174|0x000000070fe00000, 0x000000070ff00000, 0x000000070ff00000|100%| E|CS|TAMS 0x000000070fe00000, 0x000000070fe00000| Complete 
| 175|0x000000070ff00000, 0x0000000710000000, 0x0000000710000000|100%| E|CS|TAMS 0x000000070ff00000, 0x000000070ff00000| Complete 
| 176|0x0000000710000000, 0x0000000710100000, 0x0000000710100000|100%| E|CS|TAMS 0x0000000710000000, 0x0000000710000000| Complete 
| 177|0x0000000710100000, 0x0000000710200000, 0x0000000710200000|100%| E|CS|TAMS 0x0000000710100000, 0x0000000710100000| Complete 
| 178|0x0000000710200000, 0x0000000710300000, 0x0000000710300000|100%| E|CS|TAMS 0x0000000710200000, 0x0000000710200000| Complete 
| 179|0x0000000710300000, 0x0000000710400000, 0x0000000710400000|100%| E|CS|TAMS 0x0000000710300000, 0x0000000710300000| Complete 
| 180|0x0000000710400000, 0x0000000710500000, 0x0000000710500000|100%| E|CS|TAMS 0x0000000710400000, 0x0000000710400000| Complete 
| 181|0x0000000710500000, 0x0000000710600000, 0x0000000710600000|100%| E|CS|TAMS 0x0000000710500000, 0x0000000710500000| Complete 
| 182|0x0000000710600000, 0x0000000710700000, 0x0000000710700000|100%| E|CS|TAMS 0x0000000710600000, 0x0000000710600000| Complete 
| 183|0x0000000710700000, 0x0000000710800000, 0x0000000710800000|100%| E|CS|TAMS 0x0000000710700000, 0x0000000710700000| Complete 
| 184|0x0000000710800000, 0x0000000710900000, 0x0000000710900000|100%| E|CS|TAMS 0x0000000710800000, 0x0000000710800000| Complete 
| 185|0x0000000710900000, 0x0000000710a00000, 0x0000000710a00000|100%| E|CS|TAMS 0x0000000710900000, 0x0000000710900000| Complete 
| 186|0x0000000710a00000, 0x0000000710b00000, 0x0000000710b00000|100%| E|CS|TAMS 0x0000000710a00000, 0x0000000710a00000| Complete 
| 187|0x0000000710b00000, 0x0000000710c00000, 0x0000000710c00000|100%| E|CS|TAMS 0x0000000710b00000, 0x0000000710b00000| Complete 
| 188|0x0000000710c00000, 0x0000000710d00000, 0x0000000710d00000|100%| E|CS|TAMS 0x0000000710c00000, 0x0000000710c00000| Complete 
| 189|0x0000000710d00000, 0x0000000710e00000, 0x0000000710e00000|100%| E|CS|TAMS 0x0000000710d00000, 0x0000000710d00000| Complete 
| 190|0x0000000710e00000, 0x0000000710f00000, 0x0000000710f00000|100%| E|CS|TAMS 0x0000000710e00000, 0x0000000710e00000| Complete 
| 191|0x0000000710f00000, 0x0000000711000000, 0x0000000711000000|100%| E|CS|TAMS 0x0000000710f00000, 0x0000000710f00000| Complete 
| 192|0x0000000711000000, 0x0000000711100000, 0x0000000711100000|100%| E|CS|TAMS 0x0000000711000000, 0x0000000711000000| Complete 
| 193|0x0000000711100000, 0x0000000711200000, 0x0000000711200000|100%| E|CS|TAMS 0x0000000711100000, 0x0000000711100000| Complete 
| 194|0x0000000711200000, 0x0000000711300000, 0x0000000711300000|100%| E|CS|TAMS 0x0000000711200000, 0x0000000711200000| Complete 
| 195|0x0000000711300000, 0x0000000711400000, 0x0000000711400000|100%| E|CS|TAMS 0x0000000711300000, 0x0000000711300000| Complete 
| 196|0x0000000711400000, 0x0000000711500000, 0x0000000711500000|100%| E|CS|TAMS 0x0000000711400000, 0x0000000711400000| Complete 
| 197|0x0000000711500000, 0x0000000711600000, 0x0000000711600000|100%| E|CS|TAMS 0x0000000711500000, 0x0000000711500000| Complete 
| 198|0x0000000711600000, 0x0000000711700000, 0x0000000711700000|100%| E|CS|TAMS 0x0000000711600000, 0x0000000711600000| Complete 
| 199|0x0000000711700000, 0x0000000711800000, 0x0000000711800000|100%| E|CS|TAMS 0x0000000711700000, 0x0000000711700000| Complete 
| 200|0x0000000711800000, 0x0000000711900000, 0x0000000711900000|100%| E|CS|TAMS 0x0000000711800000, 0x0000000711800000| Complete 
| 201|0x0000000711900000, 0x0000000711a00000, 0x0000000711a00000|100%| E|CS|TAMS 0x0000000711900000, 0x0000000711900000| Complete 
| 202|0x0000000711a00000, 0x0000000711b00000, 0x0000000711b00000|100%| E|CS|TAMS 0x0000000711a00000, 0x0000000711a00000| Complete 
| 203|0x0000000711b00000, 0x0000000711c00000, 0x0000000711c00000|100%| E|CS|TAMS 0x0000000711b00000, 0x0000000711b00000| Complete 
| 204|0x0000000711c00000, 0x0000000711d00000, 0x0000000711d00000|100%| E|CS|TAMS 0x0000000711c00000, 0x0000000711c00000| Complete 
| 205|0x0000000711d00000, 0x0000000711e00000, 0x0000000711e00000|100%| E|CS|TAMS 0x0000000711d00000, 0x0000000711d00000| Complete 
| 206|0x0000000711e00000, 0x0000000711f00000, 0x0000000711f00000|100%| E|CS|TAMS 0x0000000711e00000, 0x0000000711e00000| Complete 
| 207|0x0000000711f00000, 0x0000000712000000, 0x0000000712000000|100%| E|CS|TAMS 0x0000000711f00000, 0x0000000711f00000| Complete 
| 208|0x0000000712000000, 0x0000000712100000, 0x0000000712100000|100%| E|CS|TAMS 0x0000000712000000, 0x0000000712000000| Complete 
| 209|0x0000000712100000, 0x0000000712200000, 0x0000000712200000|100%| E|CS|TAMS 0x0000000712100000, 0x0000000712100000| Complete 
| 210|0x0000000712200000, 0x0000000712300000, 0x0000000712300000|100%| E|CS|TAMS 0x0000000712200000, 0x0000000712200000| Complete 
| 211|0x0000000712300000, 0x0000000712400000, 0x0000000712400000|100%| E|CS|TAMS 0x0000000712300000, 0x0000000712300000| Complete 
| 212|0x0000000712400000, 0x0000000712500000, 0x0000000712500000|100%| E|CS|TAMS 0x0000000712400000, 0x0000000712400000| Complete 
| 213|0x0000000712500000, 0x0000000712600000, 0x0000000712600000|100%| E|CS|TAMS 0x0000000712500000, 0x0000000712500000| Complete 
| 214|0x0000000712600000, 0x0000000712700000, 0x0000000712700000|100%| E|CS|TAMS 0x0000000712600000, 0x0000000712600000| Complete 
| 215|0x0000000712700000, 0x0000000712800000, 0x0000000712800000|100%| E|CS|TAMS 0x0000000712700000, 0x0000000712700000| Complete 
| 216|0x0000000712800000, 0x0000000712900000, 0x0000000712900000|100%| E|CS|TAMS 0x0000000712800000, 0x0000000712800000| Complete 
| 217|0x0000000712900000, 0x0000000712a00000, 0x0000000712a00000|100%| E|CS|TAMS 0x0000000712900000, 0x0000000712900000| Complete 
| 218|0x0000000712a00000, 0x0000000712b00000, 0x0000000712b00000|100%| E|CS|TAMS 0x0000000712a00000, 0x0000000712a00000| Complete 
| 219|0x0000000712b00000, 0x0000000712c00000, 0x0000000712c00000|100%| E|CS|TAMS 0x0000000712b00000, 0x0000000712b00000| Complete 
| 220|0x0000000712c00000, 0x0000000712d00000, 0x0000000712d00000|100%| E|CS|TAMS 0x0000000712c00000, 0x0000000712c00000| Complete 
| 221|0x0000000712d00000, 0x0000000712e00000, 0x0000000712e00000|100%| E|CS|TAMS 0x0000000712d00000, 0x0000000712d00000| Complete 
| 222|0x0000000712e00000, 0x0000000712f00000, 0x0000000712f00000|100%| E|CS|TAMS 0x0000000712e00000, 0x0000000712e00000| Complete 
| 223|0x0000000712f00000, 0x0000000713000000, 0x0000000713000000|100%| E|CS|TAMS 0x0000000712f00000, 0x0000000712f00000| Complete 
| 224|0x0000000713000000, 0x0000000713100000, 0x0000000713100000|100%| E|CS|TAMS 0x0000000713000000, 0x0000000713000000| Complete 
| 225|0x0000000713100000, 0x0000000713200000, 0x0000000713200000|100%| S|CS|TAMS 0x0000000713100000, 0x0000000713100000| Complete 
| 226|0x0000000713200000, 0x0000000713300000, 0x0000000713300000|100%| S|CS|TAMS 0x0000000713200000, 0x0000000713200000| Complete 
| 227|0x0000000713300000, 0x0000000713400000, 0x0000000713400000|100%| S|CS|TAMS 0x0000000713300000, 0x0000000713300000| Complete 
| 228|0x0000000713400000, 0x0000000713500000, 0x0000000713500000|100%| E|CS|TAMS 0x0000000713400000, 0x0000000713400000| Complete 
| 229|0x0000000713500000, 0x0000000713600000, 0x0000000713600000|100%| E|CS|TAMS 0x0000000713500000, 0x0000000713500000| Complete 
| 230|0x0000000713600000, 0x0000000713700000, 0x0000000713700000|100%| E|CS|TAMS 0x0000000713600000, 0x0000000713600000| Complete 
| 231|0x0000000713700000, 0x0000000713800000, 0x0000000713800000|100%| E|CS|TAMS 0x0000000713700000, 0x0000000713700000| Complete 
| 232|0x0000000713800000, 0x0000000713900000, 0x0000000713900000|100%| E|CS|TAMS 0x0000000713800000, 0x0000000713800000| Complete 
| 233|0x0000000713900000, 0x0000000713a00000, 0x0000000713a00000|100%| E|CS|TAMS 0x0000000713900000, 0x0000000713900000| Complete 
| 234|0x0000000713a00000, 0x0000000713b00000, 0x0000000713b00000|100%| E|CS|TAMS 0x0000000713a00000, 0x0000000713a00000| Complete 
| 235|0x0000000713b00000, 0x0000000713c00000, 0x0000000713c00000|100%| E|CS|TAMS 0x0000000713b00000, 0x0000000713b00000| Complete 
| 236|0x0000000713c00000, 0x0000000713d00000, 0x0000000713d00000|100%| E|CS|TAMS 0x0000000713c00000, 0x0000000713c00000| Complete 
| 237|0x0000000713d00000, 0x0000000713e00000, 0x0000000713e00000|100%| E|CS|TAMS 0x0000000713d00000, 0x0000000713d00000| Complete 
| 238|0x0000000713e00000, 0x0000000713f00000, 0x0000000713f00000|100%| E|CS|TAMS 0x0000000713e00000, 0x0000000713e00000| Complete 
| 239|0x0000000713f00000, 0x0000000714000000, 0x0000000714000000|100%| E|CS|TAMS 0x0000000713f00000, 0x0000000713f00000| Complete 
| 240|0x0000000714000000, 0x0000000714100000, 0x0000000714100000|100%| E|CS|TAMS 0x0000000714000000, 0x0000000714000000| Complete 
| 241|0x0000000714100000, 0x0000000714200000, 0x0000000714200000|100%| E|CS|TAMS 0x0000000714100000, 0x0000000714100000| Complete 
| 242|0x0000000714200000, 0x0000000714300000, 0x0000000714300000|100%| E|CS|TAMS 0x0000000714200000, 0x0000000714200000| Complete 
| 243|0x0000000714300000, 0x0000000714400000, 0x0000000714400000|100%| E|CS|TAMS 0x0000000714300000, 0x0000000714300000| Complete 
| 244|0x0000000714400000, 0x0000000714500000, 0x0000000714500000|100%| E|CS|TAMS 0x0000000714400000, 0x0000000714400000| Complete 
| 245|0x0000000714500000, 0x0000000714600000, 0x0000000714600000|100%| E|CS|TAMS 0x0000000714500000, 0x0000000714500000| Complete 
| 246|0x0000000714600000, 0x0000000714700000, 0x0000000714700000|100%| E|CS|TAMS 0x0000000714600000, 0x0000000714600000| Complete 
| 247|0x0000000714700000, 0x0000000714800000, 0x0000000714800000|100%| E|CS|TAMS 0x0000000714700000, 0x0000000714700000| Complete 
| 248|0x0000000714800000, 0x0000000714900000, 0x0000000714900000|100%| E|CS|TAMS 0x0000000714800000, 0x0000000714800000| Complete 
| 249|0x0000000714900000, 0x0000000714a00000, 0x0000000714a00000|100%| E|CS|TAMS 0x0000000714900000, 0x0000000714900000| Complete 
| 250|0x0000000714a00000, 0x0000000714b00000, 0x0000000714b00000|100%| E|CS|TAMS 0x0000000714a00000, 0x0000000714a00000| Complete 
| 251|0x0000000714b00000, 0x0000000714c00000, 0x0000000714c00000|100%| E|CS|TAMS 0x0000000714b00000, 0x0000000714b00000| Complete 

Card table byte_map: [0x000001fb6b250000,0x000001fb6ba30000] _byte_map_base: 0x000001fb67a28000

Marking Bits (Prev, Next): (CMBitMap*) 0x000001fb52a144e8, (CMBitMap*) 0x000001fb52a14528
 Prev Bits: [0x000001fb6c210000, 0x000001fb700d0000)
 Next Bits: [0x000001fb700d0000, 0x000001fb73f90000)

Polling page: 0x000001fb50650000

Metaspace:

Usage:
  Non-class:     13.10 MB capacity,    11.90 MB ( 91%) used,     1.18 MB (  9%) free+waste,    17.63 KB ( <1%) overhead. 
      Class:      1.80 MB capacity,     1.57 MB ( 87%) used,   227.19 KB ( 12%) free+waste,     8.38 KB ( <1%) overhead. 
       Both:     14.90 MB capacity,    13.47 MB ( 90%) used,     1.40 MB (  9%) free+waste,    26.00 KB ( <1%) overhead. 

Virtual space:
  Non-class space:       14.00 MB reserved,      13.25 MB ( 95%) committed 
      Class space:        1.00 GB reserved,       1.88 MB ( <1%) committed 
             Both:        1.01 GB reserved,      15.13 MB (  1%) committed 

Chunk freelists:
   Non-Class:  27.00 KB
       Class:  16.00 KB
        Both:  43.00 KB

MaxMetaspaceSize: 17179869184.00 GB
CompressedClassSpaceSize: 1.00 GB

CodeHeap 'non-profiled nmethods': size=119168Kb used=1589Kb max_used=1589Kb free=117578Kb
 bounds [0x000001fb62a40000, 0x000001fb62cb0000, 0x000001fb69ea0000]
CodeHeap 'profiled nmethods': size=119168Kb used=7232Kb max_used=7232Kb free=111935Kb
 bounds [0x000001fb5b5e0000, 0x000001fb5bd00000, 0x000001fb62a40000]
CodeHeap 'non-nmethods': size=7424Kb used=2886Kb max_used=2932Kb free=4537Kb
 bounds [0x000001fb5aea0000, 0x000001fb5b180000, 0x000001fb5b5e0000]
 total_blobs=4680 nmethods=3252 adapters=343
 compilation: enabled
              stopped_count=0, restarted_count=0
 full_count=0

Compilation events (20 events):
Event: 1.488 Thread 0x000001fb77d82800 nmethod 3238 0x000001fb5bcea490 code [0x000001fb5bcea640, 0x000001fb5bcea9b0]
Event: 1.488 Thread 0x000001fb77f7e000 nmethod 3237 0x000001fb5bceaa90 code [0x000001fb5bceac60, 0x000001fb5bceb010]
Event: 1.490 Thread 0x000001fb77c41000 nmethod 3231 0x000001fb62bc9b10 code [0x000001fb62bc9cc0, 0x000001fb62bca478]
Event: 1.490 Thread 0x000001fb77d7d800 3239       3       java.lang.invoke.MethodHandles$Lookup::lookupClassOrNull (17 bytes)
Event: 1.490 Thread 0x000001fb77f7e000 3240       3       sun.invoke.util.Wrapper::forPrimitiveType (49 bytes)
Event: 1.490 Thread 0x000001fb77d7d800 nmethod 3239 0x000001fb5bceb110 code [0x000001fb5bceb2c0, 0x000001fb5bceb4b8]
Event: 1.491 Thread 0x000001fb77c47800 3243       3       java.lang.invoke.MemberName::flagsMods (73 bytes)
Event: 1.491 Thread 0x000001fb77d82800 3244       3       java.lang.invoke.MemberName::init (67 bytes)
Event: 1.491 Thread 0x000001fb77c47800 nmethod 3243 0x000001fb5bceb590 code [0x000001fb5bceb740, 0x000001fb5bceb8b8]
Event: 1.491 Thread 0x000001fb77d82800 nmethod 3244 0x000001fb5bceb990 code [0x000001fb5bcebb40, 0x000001fb5bcebe18]
Event: 1.491 Thread 0x000001fb77f7e000 nmethod 3240 0x000001fb5bcebe90 code [0x000001fb5bcec220, 0x000001fb5bced870]
Event: 1.491 Thread 0x000001fb77f7e000 3247       3       sun.invoke.util.BytecodeDescriptor::unparseSig (91 bytes)
Event: 1.492 Thread 0x000001fb77c47800 3248   !   3       java.lang.invoke.MemberName::clone (14 bytes)
Event: 1.492 Thread 0x000001fb77c47800 nmethod 3248 0x000001fb5bcee090 code [0x000001fb5bcee260, 0x000001fb5bcee680]
Event: 1.492 Thread 0x000001fb77f7e000 nmethod 3247 0x000001fb5bcee810 code [0x000001fb5bceeaa0, 0x000001fb5bcef350]
Event: 1.492 Thread 0x000001fb784ce000 3251       4       jdk.internal.org.objectweb.asm.ByteVector::putUTF8 (144 bytes)
Event: 1.493 Thread 0x000001fb77d82800 3252   !   3       java.lang.invoke.MemberName$Factory::resolve (157 bytes)
Event: 1.494 Thread 0x000001fb77d82800 nmethod 3252 0x000001fb5bcef710 code [0x000001fb5bcef940, 0x000001fb5bcf0090]
Event: 1.494 Thread 0x000001fb7855e000 nmethod 3236 0x000001fb62bcc110 code [0x000001fb62bcc2c0, 0x000001fb62bcc8b8]
Event: 1.496 Thread 0x000001fb784ce000 nmethod 3251 0x000001fb62bccc90 code [0x000001fb62bcce40, 0x000001fb62bcd1d8]

GC Heap History (2 events):
Event: 0.453 GC heap before
{Heap before GC invocations=0 (full 0):
 garbage-first heap   total 258048K, used 23552K [0x0000000705000000, 0x0000000800000000)
  region size 1024K, 24 young (24576K), 0 survivors (0K)
 Metaspace       used 4746K, capacity 7529K, committed 7808K, reserved 1056768K
  class space    used 587K, capacity 852K, committed 896K, reserved 1048576K
}
Event: 0.457 GC heap after
{Heap after GC invocations=1 (full 0):
 garbage-first heap   total 258048K, used 3350K [0x0000000705000000, 0x0000000800000000)
  region size 1024K, 3 young (3072K), 3 survivors (3072K)
 Metaspace       used 4746K, capacity 7529K, committed 7808K, reserved 1056768K
  class space    used 587K, capacity 852K, committed 896K, reserved 1048576K
}

Deoptimization events (20 events):
Event: 1.465 Thread 0x000001fb529a8000 DEOPT PACKING pc=0x000001fb62b717f8 sp=0x00000020db9fcd70
Event: 1.465 Thread 0x000001fb529a8000 DEOPT UNPACKING pc=0x000001fb5aea852f sp=0x00000020db9fcd08 mode 2
Event: 1.465 Thread 0x000001fb529a8000 Uncommon trap: trap_request=0xffffffc6 fr.pc=0x000001fb62b717f8 relative=0x00000000000007f8
Event: 1.465 Thread 0x000001fb529a8000 Uncommon trap: reason=bimorphic_or_optimized_type_check action=maybe_recompile pc=0x000001fb62b717f8 method=java.util.regex.Pattern$BmpCharPropertyGreedy.match(Ljava/util/regex/Matcher;ILjava/lang/CharSequence;)Z @ 26 c2
Event: 1.465 Thread 0x000001fb529a8000 DEOPT PACKING pc=0x000001fb62b717f8 sp=0x00000020db9fcd10
Event: 1.465 Thread 0x000001fb529a8000 DEOPT UNPACKING pc=0x000001fb5aea852f sp=0x00000020db9fcca8 mode 2
Event: 1.465 Thread 0x000001fb529a8000 Uncommon trap: trap_request=0xffffffc6 fr.pc=0x000001fb62b717f8 relative=0x00000000000007f8
Event: 1.465 Thread 0x000001fb529a8000 Uncommon trap: reason=bimorphic_or_optimized_type_check action=maybe_recompile pc=0x000001fb62b717f8 method=java.util.regex.Pattern$BmpCharPropertyGreedy.match(Ljava/util/regex/Matcher;ILjava/lang/CharSequence;)Z @ 26 c2
Event: 1.465 Thread 0x000001fb529a8000 DEOPT PACKING pc=0x000001fb62b717f8 sp=0x00000020db9fcb00
Event: 1.465 Thread 0x000001fb529a8000 DEOPT UNPACKING pc=0x000001fb5aea852f sp=0x00000020db9fca98 mode 2
Event: 1.471 Thread 0x000001fb529a8000 Uncommon trap: trap_request=0xffffff54 fr.pc=0x000001fb62bb18ac relative=0x00000000000002ec
Event: 1.471 Thread 0x000001fb529a8000 Uncommon trap: reason=speculate_null_assert action=make_not_entrant pc=0x000001fb62bb18ac method=org.eclipse.sisu.inject.RankedBindings$Itr.hasNext()Z @ 80 c2
Event: 1.471 Thread 0x000001fb529a8000 DEOPT PACKING pc=0x000001fb62bb18ac sp=0x00000020db9fdba0
Event: 1.471 Thread 0x000001fb529a8000 DEOPT UNPACKING pc=0x000001fb5aea852f sp=0x00000020db9fdb88 mode 2
Event: 1.478 Thread 0x000001fb529a8000 DEOPT PACKING pc=0x000001fb5b70ca34 sp=0x00000020db9f6c10
Event: 1.478 Thread 0x000001fb529a8000 DEOPT UNPACKING pc=0x000001fb5aee845e sp=0x00000020db9f6010 mode 0
Event: 1.482 Thread 0x000001fb529a8000 Uncommon trap: trap_request=0xffffff45 fr.pc=0x000001fb62b432c8 relative=0x0000000000000288
Event: 1.482 Thread 0x000001fb529a8000 Uncommon trap: reason=unstable_if action=reinterpret pc=0x000001fb62b432c8 method=java.util.StringTokenizer.scanToken(I)I @ 96 c2
Event: 1.482 Thread 0x000001fb529a8000 DEOPT PACKING pc=0x000001fb62b432c8 sp=0x00000020db9fdcd0
Event: 1.482 Thread 0x000001fb529a8000 DEOPT UNPACKING pc=0x000001fb5aea852f sp=0x00000020db9fdc60 mode 2

Classes unloaded (0 events):
No events

Classes redefined (0 events):
No events

Internal exceptions (11 events):
Event: 0.188 Thread 0x000001fb529a8000 Exception <a 'java/lang/NoSuchMethodError'{0x00000007145f84b8}: 'int java.lang.invoke.DirectMethodHandle$Holder.invokeSpecialIFC(java.lang.Object, java.lang.Object, int)'> (0x00000007145f84b8) 
thrown [t:/workspace/open/src/hotspot/share/interpreter/linkResolver.cpp, line 767]
Event: 0.847 Thread 0x000001fb529a8000 Exception <a 'java/lang/NoClassDefFoundError'{0x0000000712acb930}: com/google/inject/servlet/ServletModuleTargetVisitor> (0x0000000712acb930) 
thrown [t:/workspace/open/src/hotspot/share/classfile/systemDictionary.cpp, line 221]
Event: 0.848 Thread 0x000001fb529a8000 Exception <a 'java/lang/NoClassDefFoundError'{0x0000000712ace7a8}: javax/annotation/Priority> (0x0000000712ace7a8) 
thrown [t:/workspace/open/src/hotspot/share/classfile/systemDictionary.cpp, line 221]
Event: 0.916 Thread 0x000001fb529a8000 Exception <a 'java/lang/NoSuchMethodError'{0x00000007126ee7e0}: 'java.lang.Object java.lang.invoke.DirectMethodHandle$Holder.invokeStaticInit(java.lang.Object, int, int, int, int)'> (0x00000007126ee7e0) 
thrown [t:/workspace/open/src/hotspot/share/interpreter/linkResolver.cpp, line 767]
Event: 1.012 Thread 0x000001fb529a8000 Exception <a 'java/lang/NoSuchMethodError'{0x00000007124de710}: 'java.lang.Object java.lang.invoke.DirectMethodHandle$Holder.invokeStaticInit(java.lang.Object, java.lang.Object, int, int, int, int)'> (0x00000007124de710) 
thrown [t:/workspace/open/src/hotspot/share/interpreter/linkResolver.cpp, line 767]
Event: 1.047 Thread 0x000001fb529a8000 Implicit null exception at 0x000001fb62b0941d to 0x000001fb62b09516
Event: 1.148 Thread 0x000001fb529a8000 Implicit null exception at 0x000001fb62a873e5 to 0x000001fb62a875ea
Event: 1.149 Thread 0x000001fb529a8000 Implicit null exception at 0x000001fb62ab2ae8 to 0x000001fb62ab2b7a
Event: 1.490 Thread 0x000001fb529a8000 Exception <a 'java/lang/NoSuchMethodError'{0x000000070fda1f30}: 'void java.lang.invoke.DirectMethodHandle$Holder.invokeStatic(java.lang.Object, long)'> (0x000000070fda1f30) 
thrown [t:/workspace/open/src/hotspot/share/interpreter/linkResolver.cpp, line 767]
Event: 1.492 Thread 0x000001fb529a8000 Exception <a 'java/lang/NoSuchMethodError'{0x000000070fdacdb8}: 'java.lang.Object java.lang.invoke.DirectMethodHandle$Holder.invokeStaticInit(java.lang.Object, java.lang.Object, long, java.lang.Object)'> (0x000000070fdacdb8) 
thrown [t:/workspace/open/src/hotspot/share/interpreter/linkResolver.cpp, line 767]
Event: 1.492 Thread 0x000001fb529a8000 Exception <a 'java/lang/NoSuchMethodError'{0x000000070fdb2e40}: 'java.lang.Object java.lang.invoke.Invokers$Holder.linkToTargetMethod(java.lang.Object, long, java.lang.Object)'> (0x000000070fdb2e40) 
thrown [t:/workspace/open/src/hotspot/share/interpreter/linkResolver.cpp, line 767]

Events (20 events):
Event: 1.493 loading class java/lang/Process$PipeInputStream done
Event: 1.493 Executing VM operation: Deoptimize
Event: 1.494 Executing VM operation: Deoptimize done
Event: 1.494 loading class org/apache/commons/exec/InputStreamPumper
Event: 1.494 loading class org/apache/commons/exec/InputStreamPumper done
Event: 1.494 loading class org/apache/commons/exec/InputStreamPumper
Event: 1.494 loading class org/apache/commons/exec/InputStreamPumper done
Event: 1.494 loading class java/io/PipedOutputStream
Event: 1.494 loading class java/io/PipedOutputStream done
Event: 1.494 loading class org/apache/commons/exec/StreamPumper
Event: 1.494 loading class org/apache/commons/exec/StreamPumper done
Event: 1.494 loading class org/apache/commons/exec/StreamPumper
Event: 1.494 loading class org/apache/commons/exec/StreamPumper done
Event: 1.495 Thread 0x000001fb797eb800 Thread added: 0x000001fb797eb800
Event: 1.495 Thread 0x000001fb7a372000 Thread added: 0x000001fb7a372000
Event: 1.495 Thread 0x000001fb798ef000 Thread added: 0x000001fb798ef000
Event: 1.495 Executing VM operation: RevokeBias
Event: 1.495 Executing VM operation: RevokeBias done
Event: 1.496 Executing VM operation: RevokeBias
Event: 1.496 Executing VM operation: RevokeBias done


Dynamic libraries:
0x00007ff7d1670000 - 0x00007ff7d167f000 	C:\Program Files\Java\jdk-13\bin\java.exe
0x00007ff9d8d80000 - 0x00007ff9d8f70000 	C:\WINDOWS\SYSTEM32\ntdll.dll
0x00007ff9d7660000 - 0x00007ff9d7712000 	C:\WINDOWS\System32\KERNEL32.DLL
0x00007ff9d6370000 - 0x00007ff9d6613000 	C:\WINDOWS\System32\KERNELBASE.dll
0x00007ff9d61d0000 - 0x00007ff9d62ca000 	C:\WINDOWS\System32\ucrtbase.dll
0x00007ff9cecf0000 - 0x00007ff9ced05000 	C:\Program Files\Java\jdk-13\bin\VCRUNTIME140.dll
0x00007ff9ceb70000 - 0x00007ff9ceb88000 	C:\Program Files\Java\jdk-13\bin\jli.dll
0x00007ff9d74a0000 - 0x00007ff9d7543000 	C:\WINDOWS\System32\ADVAPI32.dll
0x00007ff9d7070000 - 0x00007ff9d710e000 	C:\WINDOWS\System32\msvcrt.dll
0x00007ff9d75c0000 - 0x00007ff9d7657000 	C:\WINDOWS\System32\sechost.dll
0x00007ff9d6f50000 - 0x00007ff9d7070000 	C:\WINDOWS\System32\RPCRT4.dll
0x00007ff9d7f60000 - 0x00007ff9d80f4000 	C:\WINDOWS\System32\USER32.dll
0x00007ff9d6340000 - 0x00007ff9d6361000 	C:\WINDOWS\System32\win32u.dll
0x00007ff9c9770000 - 0x00007ff9c99f5000 	C:\WINDOWS\WinSxS\amd64_microsoft.windows.common-controls_6595b64144ccf1df_6.0.18362.657_none_e6c5b579130e3898\COMCTL32.dll
0x00007ff9d71b0000 - 0x00007ff9d71d6000 	C:\WINDOWS\System32\GDI32.dll
0x00007ff9d8290000 - 0x00007ff9d85c6000 	C:\WINDOWS\System32\combase.dll
0x00007ff9d5d10000 - 0x00007ff9d5ea4000 	C:\WINDOWS\System32\gdi32full.dll
0x00007ff9d6130000 - 0x00007ff9d61ce000 	C:\WINDOWS\System32\msvcp_win.dll
0x00007ff9d5eb0000 - 0x00007ff9d5f30000 	C:\WINDOWS\System32\bcryptPrimitives.dll
0x00007ff9d2600000 - 0x00007ff9d260a000 	C:\WINDOWS\SYSTEM32\VERSION.dll
0x00007ff9d7f30000 - 0x00007ff9d7f5e000 	C:\WINDOWS\System32\IMM32.DLL
0x00007ff9c0570000 - 0x00007ff9c060b000 	C:\Program Files\Java\jdk-13\bin\msvcp140.dll
0x00007ff976370000 - 0x00007ff976ed6000 	C:\Program Files\Java\jdk-13\bin\server\jvm.dll
0x00007ff9d8640000 - 0x00007ff9d8648000 	C:\WINDOWS\System32\PSAPI.DLL
0x00007ff9cc710000 - 0x00007ff9cc734000 	C:\WINDOWS\SYSTEM32\WINMM.dll
0x00007ff9d2740000 - 0x00007ff9d2749000 	C:\WINDOWS\SYSTEM32\WSOCK32.dll
0x00007ff9d85d0000 - 0x00007ff9d863f000 	C:\WINDOWS\System32\WS2_32.dll
0x00007ff9cc520000 - 0x00007ff9cc54d000 	C:\WINDOWS\SYSTEM32\WINMMBASE.dll
0x00007ff9d62d0000 - 0x00007ff9d631a000 	C:\WINDOWS\System32\cfgmgr32.dll
0x00007ff9d5c60000 - 0x00007ff9d5c71000 	C:\WINDOWS\System32\kernel.appcore.dll
0x00007ff9d2730000 - 0x00007ff9d2740000 	C:\Program Files\Java\jdk-13\bin\verify.dll
0x00007ff9d0590000 - 0x00007ff9d0784000 	C:\WINDOWS\SYSTEM32\DBGHELP.DLL
0x00007ff9d01a0000 - 0x00007ff9d01ca000 	C:\WINDOWS\SYSTEM32\dbgcore.DLL
0x00007ff9c8cb0000 - 0x00007ff9c8cd6000 	C:\Program Files\Java\jdk-13\bin\java.dll
0x00007ff9cecd0000 - 0x00007ff9cece7000 	C:\Program Files\Java\jdk-13\bin\zip.dll
0x00007ff9cbf40000 - 0x00007ff9cbf4a000 	C:\Program Files\Java\jdk-13\bin\jimage.dll
0x00007ff9d8650000 - 0x00007ff9d8d35000 	C:\WINDOWS\System32\SHELL32.dll
0x00007ff9d6e30000 - 0x00007ff9d6ed9000 	C:\WINDOWS\System32\shcore.dll
0x00007ff9d66b0000 - 0x00007ff9d6e2f000 	C:\WINDOWS\System32\windows.storage.dll
0x00007ff9d5cd0000 - 0x00007ff9d5cef000 	C:\WINDOWS\System32\profapi.dll
0x00007ff9d5c80000 - 0x00007ff9d5cca000 	C:\WINDOWS\System32\powrprof.dll
0x00007ff9d5c50000 - 0x00007ff9d5c60000 	C:\WINDOWS\System32\UMPDC.dll
0x00007ff9d8100000 - 0x00007ff9d8152000 	C:\WINDOWS\System32\shlwapi.dll
0x00007ff9d6320000 - 0x00007ff9d6337000 	C:\WINDOWS\System32\cryptsp.dll
0x00007ff9c8e80000 - 0x00007ff9c8e99000 	C:\Program Files\Java\jdk-13\bin\net.dll
0x00007ff9cf8c0000 - 0x00007ff9cf9b0000 	C:\WINDOWS\SYSTEM32\WINHTTP.dll
0x00007ff9ce500000 - 0x00007ff9ce6d6000 	C:\WINDOWS\SYSTEM32\urlmon.dll
0x00007ff9cbb90000 - 0x00007ff9cbe36000 	C:\WINDOWS\SYSTEM32\iertutil.dll
0x00007ff9d5690000 - 0x00007ff9d569c000 	C:\WINDOWS\SYSTEM32\CRYPTBASE.DLL
0x00007ff9d54c0000 - 0x00007ff9d5527000 	C:\WINDOWS\system32\mswsock.dll
0x00007ff9c8c30000 - 0x00007ff9c8c43000 	C:\Program Files\Java\jdk-13\bin\nio.dll
0x00007ff9d5030000 - 0x00007ff9d5063000 	C:\WINDOWS\system32\rsaenh.dll
0x00007ff9d6680000 - 0x00007ff9d66a6000 	C:\WINDOWS\System32\bcrypt.dll
0x00007ff9d5b40000 - 0x00007ff9d5b65000 	C:\WINDOWS\SYSTEM32\USERENV.dll
0x00007ff9d51d0000 - 0x00007ff9d520a000 	C:\WINDOWS\SYSTEM32\IPHLPAPI.DLL
0x00007ff9d71e0000 - 0x00007ff9d71e8000 	C:\WINDOWS\System32\NSI.dll
0x00007ff9d2360000 - 0x00007ff9d2376000 	C:\WINDOWS\SYSTEM32\dhcpcsvc6.DLL
0x00007ff9d2150000 - 0x00007ff9d216c000 	C:\WINDOWS\SYSTEM32\dhcpcsvc.DLL
0x00007ff9d5210000 - 0x00007ff9d52da000 	C:\WINDOWS\SYSTEM32\DNSAPI.dll

dbghelp: loaded successfully - version: 4.0.5 - missing functions: none
symbol engine: initialized successfully - sym options: 0x614 - pdb path: .;C:\Program Files\Java\jdk-13\bin;C:\WINDOWS\SYSTEM32;C:\WINDOWS\WinSxS\amd64_microsoft.windows.common-controls_6595b64144ccf1df_6.0.18362.657_none_e6c5b579130e3898;C:\Program Files\Java\jdk-13\bin\server

VM Arguments:
jvm_args: -Dclassworlds.conf=C:\Program Files\NetBeans-11.1\netbeans\java\maven\bin\m2.conf -Dmaven.home=C:\Program Files\NetBeans-11.1\netbeans\java\maven -Dmaven.multiModuleProjectDirectory=C:\Users\Administrator\Projects\ArcanoProjects\arcano.tech\java 
java_command: org.codehaus.plexus.classworlds.launcher.Launcher -Dexec.args=-agentlib:jdwp=transport=dt_socket,server=n,address=56988 -classpath %classpath com.github.tncrazvan.arcanotech.Starter ./http.json -Dexec.executable=C:\Program Files\Java\jdk-13\bin\java.exe -Djpda.listen=true -Dexec.workingdir=C:\Users\Administrator\Projects\ArcanoProjects\arcano.tech -Dmaven.ext.class.path=C:\Program Files\NetBeans-11.1\netbeans\java\maven-nblib\netbeans-eventspy.jar;C:\Program Files\NetBeans-11.1\netbeans\java\maven-nblib\netbeans-cos.jar -Djpda.address=56988 -Dfile.encoding=UTF-8 org.codehaus.mojo:exec-maven-plugin:1.5.0:exec
java_class_path (initial): C:\Program Files\NetBeans-11.1\netbeans\java\maven\boot\plexus-classworlds-2.5.2.jar
Launcher Type: SUN_STANDARD

[Global flags]
     intx CICompilerCount                          = 12                                        {product} {ergonomic}
     uint ConcGCThreads                            = 4                                         {product} {ergonomic}
     uint G1ConcRefinementThreads                  = 15                                        {product} {ergonomic}
   size_t G1HeapRegionSize                         = 1048576                                   {product} {ergonomic}
    uintx GCDrainStackTargetSize                   = 64                                        {product} {ergonomic}
   size_t InitialHeapSize                          = 264241152                                 {product} {ergonomic}
   size_t MarkStackSize                            = 4194304                                   {product} {ergonomic}
   size_t MaxHeapSize                              = 4211081216                                {product} {ergonomic}
   size_t MaxNewSize                               = 2526019584                                {product} {ergonomic}
   size_t MinHeapDeltaBytes                        = 1048576                                   {product} {ergonomic}
   size_t MinHeapSize                              = 8388608                                   {product} {ergonomic}
    uintx NonNMethodCodeHeapSize                   = 7594288                                {pd product} {ergonomic}
    uintx NonProfiledCodeHeapSize                  = 122031976                              {pd product} {ergonomic}
    uintx ProfiledCodeHeapSize                     = 122031976                              {pd product} {ergonomic}
    uintx ReservedCodeCacheSize                    = 251658240                              {pd product} {ergonomic}
     bool SegmentedCodeCache                       = true                                      {product} {ergonomic}
   size_t SoftMaxHeapSize                          = 4211081216                             {manageable} {ergonomic}
     bool UseCompressedClassPointers               = true                                 {lp64_product} {ergonomic}
     bool UseCompressedOops                        = true                                 {lp64_product} {ergonomic}
     bool UseG1GC                                  = true                                      {product} {ergonomic}
     bool UseLargePagesIndividualAllocation        = false                                  {pd product} {ergonomic}

Logging:
Log output configuration:
 #0: stdout all=warning uptime,level,tags
 #1: stderr all=off uptime,level,tags

Environment Variables:
JAVA_HOME=C:\Program Files\Java\jdk-13
PATH=C:\WINDOWS\system32;C:\WINDOWS;C:\WINDOWS\System32\Wbem;C:\WINDOWS\System32\WindowsPowerShell\v1.0\;C:\WINDOWS\System32\OpenSSH\;C:\Program Files\Microsoft VS Code\bin;C:\Program Files (x86)\Yarn\bin\;C:\Program Files\nodejs\;C:\xampp\php;C:\ProgramData\ComposerSetup\bin;C:\Program Files\dotnet\;C:\Users\Administrator\AppData\Local\Programs\Python\Python37-32;C:\Users\Administrator\AppData\Local\Programs\Python\Python37-32\Scripts;C:\Program Files\MongoDB\Server\4.2\bin;C:\Users\Administrator\AppData\Local\Android\Sdk\tools;C:\Users\Administrator\AppData\Local\Android\Sdk\platform-tools;C:\Program Files\Maven;C:\Users\Administrator\Documents\minify\windows;C:\Users\Administrator\Documents\scripts;C:\Program Files\Git\cmd;C:\Users\Administrator\Documents\ngrok;C:\Program Files\Maven\bin;C:\Program Files\Electronic Arts\The Battle For Middle-earth (tm) II;C:\Program Files\Electronic Arts\The Lord of the Rings, The Rise of the Witch-king;C:\Program Files\graal-vm\bin;C:\Users\Administrator\Documents\tools;C:\Go\bin;C:\Program Files\Microsoft SQL Server\130\Tools\Binn\;C:\Program Files\Microsoft SQL Server\Client SDK\ODBC\170\Tools\Binn\;C:\Program Files\graal-vm\bin;C:\Users\Administrator\AppData\Roaming\ActiveState\bin;C:\Program Files (x86)\ActiveState Komodo IDE 12\;C:\WINDOWS\system32;C:\WINDOWS;C:\WINDOWS\System32\Wbem;C:\WINDOWS\System32\WindowsPowerShell\v1.0\;C:\WINDOWS\System32\OpenSSH\;C:\Program Files\Microsoft VS Code\bin;C:\Program Files (x86)\Yarn\bin\;C:\Program Files\nodejs\;C:\xampp\php;C:\ProgramData\ComposerSetup\bin;C:\Program Files\dotnet\;C:\Users\Administrator\AppData\Local\Programs\Python\Python37-32;C:\Users\Administrator\AppData\Local\Programs\Python\Python37-32\Scripts;C:\Program Files\MongoDB\Server\4.2\bin;C:\Users\Administrator\AppData\Local\Android\Sdk\tools;C:\Users\Administrator\AppData\Local\Android\Sdk\platform-tools;C:\Program Files\Maven;C:\Users\Administrator\Documents\minify\windows;C:\Users\Administrator\Documents\scripts;C:\Pr
USERNAME=Administrator
OS=Windows_NT
PROCESSOR_IDENTIFIER=Intel64 Family 6 Model 85 Stepping 4, GenuineIntel



---------------  S Y S T E M  ---------------

OS: Windows 10 , 64 bit Build 18362 (10.0.18362.329)

CPU:total 20 (initial active 20) (10 cores per cpu, 2 threads per core) family 6 model 85 stepping 4, cmov, cx8, fxsr, mmx, sse, sse2, sse3, ssse3, sse4.1, sse4.2, popcnt, avx, avx2, aes, clmul, erms, rtm, 3dnowpref, lzcnt, ht, tsc, tscinvbit, bmi1, bmi2, adx, evex, fma

Memory: 4k page, system-wide physical 16056M (8306M free)
TotalPageFile size 19207M (AvailPageFile size 7090M)
current process WorkingSet (physical memory assigned to process): 432M, peak: 432M
current process commit charge ("private bytes"): 674M, peak: 681M

vm_info: Java HotSpot(TM) 64-Bit Server VM (13+33) for windows-amd64 JRE (13+33), built on Sep 18 2019 21:38:00 by "mach5one" with unknown MS VC++:1916

END.
